<?xml version="1.0" encoding="UTF-8"?>
<!-- Generated by org.testng.reporters.JUnitReportReporter -->
<testsuite hostname="DESKTOP-QAV1NRQ" failures="0" tests="1" name="testPackage.SecondTest" time="0,000" errors="0" timestamp="9 Jan 2023 17:51:21 GMT">
  <testcase classname="testPackage.SecondTest" name="test2" time="0,000"/>
</testsuite>
